2013-4-3 11:15:58 org.apache.coyote.http11.Http11Protocol pause
信息: Pausing Coyote HTTP/1.1 on http-80
2013-4-3 11:15:58 org.apache.catalina.connector.Connector pause
严重: Protocol handler pause failed
java.lang.NullPointerException
	at org.apache.jk.server.JkMain.pause(JkMain.java:679)
	at org.apache.jk.server.JkCoyoteHandler.pause(JkCoyoteHandler.java:153)
	at org.apache.catalina.connector.Connector.pause(Connector.java:1074)
	at org.apache.catalina.core.StandardService.stop(StandardService.java:563)
	at org.apache.catalina.core.StandardServer.stop(StandardServer.java:744)
	at org.apache.catalina.startup.Catalina.stop(Catalina.java:616)
	at org.apache.catalina.startup.Catalina$CatalinaShutdownHook.run(Catalina.java:659)
2013-4-3 11:15:59 org.apache.catalina.core.StandardService stop
信息: Stopping service Catalina
2013-4-3 11:16:00 org.apache.catalina.connector.MapperListener destroy
警告: Error unregistering MBeanServerDelegate
java.lang.NullPointerException
	at org.apache.catalina.connector.MapperListener.destroy(MapperListener.java:162)
	at org.apache.catalina.connector.Connector.stop(Connector.java:1180)
	at org.apache.catalina.core.StandardService.stop(StandardService.java:593)
	at org.apache.catalina.core.StandardServer.stop(StandardServer.java:744)
	at org.apache.catalina.startup.Catalina.stop(Catalina.java:616)
	at org.apache.catalina.startup.Catalina$CatalinaShutdownHook.run(Catalina.java:659)
2013-4-3 11:16:00 org.apache.coyote.http11.Http11Protocol destroy
信息: Stopping Coyote HTTP/1.1 on http-80
2013-4-3 11:16:00 org.apache.catalina.connector.Connector stop
严重: Coyote connector has not been started
2013-4-3 11:16:10 org.apache.catalina.core.AprLifecycleListener init
信息: The Apache Tomcat Native library which allows optimal performance in production environments was not found on the java.library.path: C:\jdk5.0\bin;.;C:\WINDOWS\Sun\Java\bin;C:\WINDOWS\system32;C:\WINDOWS;C:\jdk5.0\bin;C:\WINDOWS\system32;C:\WINDOWS;C:\WINDOWS\System32\Wbem;C:\Program Files\Microsoft SQL Server\80\Tools\BINN
2013-4-3 11:16:10 org.apache.coyote.http11.Http11Protocol init
信息: Initializing Coyote HTTP/1.1 on http-8080
2013-4-3 11:16:10 org.apache.catalina.startup.Catalina load
信息: Initialization processed in 1161 ms
2013-4-3 11:16:10 org.apache.catalina.core.StandardService start
信息: Starting service Catalina
2013-4-3 11:16:10 org.apache.catalina.core.StandardEngine start
信息: Starting Servlet Engine: Apache Tomcat/6.0.14
2013-4-3 11:16:11 org.apache.coyote.http11.Http11Protocol start
信息: Starting Coyote HTTP/1.1 on http-8080
2013-4-3 11:16:11 org.apache.jk.common.ChannelSocket init
信息: JK: ajp13 listening on /0.0.0.0:8009
2013-4-3 11:16:11 org.apache.jk.server.JkMain start
信息: Jk running ID=0 time=0/40  config=null
2013-4-3 11:16:11 org.apache.catalina.startup.Catalina start
信息: Server startup in 1228 ms
