2013-4-3 11:16:00 org.apache.catalina.core.ApplicationContext log
信息: SessionListener: contextDestroyed()
2013-4-3 11:16:00 org.apache.catalina.core.ApplicationContext log
信息: ContextListener: contextDestroyed()
2013-4-3 11:16:11 org.apache.catalina.core.ApplicationContext log
信息: ContextListener: contextInitialized()
2013-4-3 11:16:11 org.apache.catalina.core.ApplicationContext log
信息: SessionListener: contextInitialized()
2013-4-3 16:50:31 org.apache.catalina.core.StandardWrapperValve invoke
严重: Servlet.service() for servlet jsp threw exception
java.net.SocketException: Connection reset by peer: socket write error
	at java.net.SocketOutputStream.socketWrite0(Native Method)
	at java.net.SocketOutputStream.socketWrite(SocketOutputStream.java:92)
	at java.net.SocketOutputStream.write(SocketOutputStream.java:136)
	at org.apache.coyote.http11.InternalOutputBuffer.realWriteBytes(InternalOutputBuffer.java:737)
	at org.apache.tomcat.util.buf.ByteChunk.flushBuffer(ByteChunk.java:434)
	at org.apache.tomcat.util.buf.ByteChunk.append(ByteChunk.java:349)
	at org.apache.coyote.http11.InternalOutputBuffer$OutputStreamOutputBuffer.doWrite(InternalOutputBuffer.java:761)
	at org.apache.coyote.http11.filters.ChunkedOutputFilter.doWrite(ChunkedOutputFilter.java:126)
	at org.apache.coyote.http11.InternalOutputBuffer.doWrite(InternalOutputBuffer.java:570)
	at org.apache.coyote.Response.doWrite(Response.java:560)
	at org.apache.catalina.connector.OutputBuffer.realWriteBytes(OutputBuffer.java:353)
	at org.apache.tomcat.util.buf.ByteChunk.flushBuffer(ByteChunk.java:434)
	at org.apache.tomcat.util.buf.ByteChunk.append(ByteChunk.java:349)
	at org.apache.catalina.connector.OutputBuffer.writeBytes(OutputBuffer.java:381)
	at org.apache.catalina.connector.OutputBuffer.write(OutputBuffer.java:370)
	at org.apache.catalina.connector.CoyoteOutputStream.write(CoyoteOutputStream.java:89)
	at org.apache.jsp.Download_jsp._jspService(Download_jsp.java:76)
	at org.apache.jasper.runtime.HttpJspBase.service(HttpJspBase.java:70)
	at javax.servlet.http.HttpServlet.service(HttpServlet.java:803)
	at org.apache.jasper.servlet.JspServletWrapper.service(JspServletWrapper.java:393)
	at org.apache.jasper.servlet.JspServlet.serviceJspFile(JspServlet.java:320)
	at org.apache.jasper.servlet.JspServlet.service(JspServlet.java:266)
	at javax.servlet.http.HttpServlet.service(HttpServlet.java:803)
	at org.apache.catalina.core.ApplicationFilterChain.internalDoFilter(ApplicationFilterChain.java:290)
	at org.apache.catalina.core.ApplicationFilterChain.doFilter(ApplicationFilterChain.java:206)
	at org.apache.catalina.core.StandardWrapperValve.invoke(StandardWrapperValve.java:233)
	at org.apache.catalina.core.StandardContextValve.invoke(StandardContextValve.java:175)
	at org.apache.catalina.core.StandardHostValve.invoke(StandardHostValve.java:128)
	at org.apache.catalina.valves.ErrorReportValve.invoke(ErrorReportValve.java:102)
	at org.apache.catalina.core.StandardEngineValve.invoke(StandardEngineValve.java:109)
	at org.apache.catalina.connector.CoyoteAdapter.service(CoyoteAdapter.java:263)
	at org.apache.coyote.http11.Http11Processor.process(Http11Processor.java:844)
	at org.apache.coyote.http11.Http11Protocol$Http11ConnectionHandler.process(Http11Protocol.java:584)
	at org.apache.tomcat.util.net.JIoEndpoint$Worker.run(JIoEndpoint.java:447)
	at java.lang.Thread.run(Thread.java:619)
